<?xml version="1.0" encoding="UTF-8"?>
<testng-results ignored="0" total="2" passed="2" failed="0" skipped="0">
  <reporter-output>
  </reporter-output>
  <suite started-at="2025-04-25T13:54:15 IST" name="SCRAPE-DATA-AUTOMATION" finished-at="2025-04-25T14:01:06 IST" duration-ms="411134">
    <groups>
    </groups>
    <test started-at="2025-04-25T13:54:15 IST" name="Chrome Test" finished-at="2025-04-25T14:01:06 IST" duration-ms="411134">
      <class name="demo.tests.TestCases">
        <test-method is-config="true" signature="startBrowser(java.lang.String)[pri:0, instance:demo.tests.TestCases@2cb2fc20]" started-at="2025-04-25T13:54:15 IST" name="startBrowser" finished-at="2025-04-25T13:54:21 IST" duration-ms="5596" status="PASS">
          <params>
            <param index="0">
              <value>
                <![CDATA[chrome]]>
              </value>
            </param>
          </params>
          <reporter-output>
          </reporter-output>
        </test-method> <!-- startBrowser -->
        <test-method signature="testCase01()[pri:0, instance:demo.tests.TestCases@2cb2fc20]" started-at="2025-04-25T13:54:21 IST" name="testCase01" finished-at="2025-04-25T13:54:41 IST" duration-ms="20018" status="PASS">
          <reporter-output>
          </reporter-output>
        </test-method> <!-- testCase01 -->
        <test-method signature="testCase02()[pri:0, instance:demo.tests.TestCases@2cb2fc20]" started-at="2025-04-25T13:54:41 IST" name="testCase02" finished-at="2025-04-25T14:01:06 IST" duration-ms="384944" status="PASS">
          <reporter-output>
          </reporter-output>
        </test-method> <!-- testCase02 -->
        <test-method is-config="true" signature="endTest()[pri:0, instance:demo.tests.TestCases@2cb2fc20]" started-at="2025-04-25T14:01:06 IST" name="endTest" finished-at="2025-04-25T14:01:06 IST" duration-ms="482" status="PASS">
          <reporter-output>
          </reporter-output>
        </test-method> <!-- endTest -->
      </class> <!-- demo.tests.TestCases -->
    </test> <!-- Chrome Test -->
  </suite> <!-- SCRAPE-DATA-AUTOMATION -->
</testng-results>
